TN:
SF:app.js
FN:19,(anonymous_0)
FNF:1
FNH:1
FNDA:1,(anonymous_0)
DA:2,1
DA:4,1
DA:5,1
DA:7,1
DA:9,1
DA:12,1
DA:13,1
DA:16,1
DA:17,1
DA:19,1
DA:20,1
DA:23,1
LF:12
LH:12
BRF:0
BRH:0
end_of_record
TN:
SF:controllers\livroController.js
FN:7,(anonymous_0)
FN:16,(anonymous_1)
FN:30,(anonymous_2)
FNF:3
FNH:3
FNDA:4,(anonymous_0)
FNDA:4,(anonymous_1)
FNDA:6,(anonymous_2)
DA:1,2
DA:2,2
DA:3,2
DA:5,2
DA:8,4
DA:9,4
DA:10,2
DA:12,2
DA:17,4
DA:18,4
DA:23,4
DA:24,2
DA:26,2
DA:31,6
DA:32,6
DA:33,6
DA:34,2
DA:36,4
DA:37,2
DA:39,2
DA:45,2
LF:21
LH:21
BRDA:33,0,0,2
BRDA:33,0,1,4
BRF:2
BRH:2
end_of_record
TN:
SF:database\conn.js
FN:3,main
FNF:1
FNH:1
FNDA:1,main
DA:1,2
DA:4,1
DA:6,1
DA:8,1
DA:10,1
DA:13,0
DA:17,2
LF:7
LH:6
BRF:0
BRH:0
end_of_record
TN:
SF:models\Livro.js
FNF:0
FNH:0
DA:1,2
DA:2,2
DA:4,2
DA:21,2
DA:22,2
LF:5
LH:5
BRF:0
BRH:0
end_of_record
TN:
SF:routes\livros.js
FN:4,(anonymous_0)
FN:5,(anonymous_1)
FN:6,(anonymous_2)
FNF:3
FNH:3
FNDA:2,(anonymous_0)
FNDA:2,(anonymous_1)
FNDA:3,(anonymous_2)
DA:1,1
DA:2,1
DA:4,2
DA:5,2
DA:6,3
DA:8,1
LF:6
LH:6
BRF:0
BRH:0
end_of_record
TN:
SF:routes\router.js
FNF:0
FNH:0
DA:1,1
DA:2,1
DA:4,1
DA:5,1
LF:4
LH:4
BRF:0
BRH:0
end_of_record
